TN:
SF:src/use-cases/get-grid-use-case.ts
FN:12,GetGridUseCase
FN:14,generateRandomAlphabetMatrix
FN:47,countLetterInMatrix
FN:61,getCode
FN:76,execute
FNF:5
FNH:5
FNDA:1,GetGridUseCase
FNDA:1,generateRandomAlphabetMatrix
FNDA:5,countLetterInMatrix
FNDA:2,getCode
FNDA:1,execute
DA:1,1
DA:2,1
DA:3,1
DA:4,1
DA:5,1
DA:6,1
DA:7,1
DA:8,1
DA:9,1
DA:10,1
DA:11,1
DA:12,1
DA:13,1
DA:14,1
DA:15,1
DA:16,1
DA:17,1
DA:18,10
DA:19,10
DA:20,100
DA:21,100
DA:22,100
DA:23,100
DA:24,10
DA:25,10
DA:26,1
DA:27,1
DA:28,0
DA:29,0
DA:30,0
DA:31,0
DA:32,0
DA:33,0
DA:34,0
DA:35,0
DA:36,0
DA:37,0
DA:38,0
DA:39,0
DA:40,0
DA:41,0
DA:42,0
DA:43,1
DA:44,1
DA:45,1
DA:46,1
DA:47,1
DA:48,5
DA:49,5
DA:50,5
DA:51,50
DA:52,500
DA:53,38
DA:54,38
DA:55,500
DA:56,50
DA:57,5
DA:58,5
DA:59,5
DA:60,1
DA:61,1
DA:62,2
DA:63,2
DA:64,2
DA:65,2
DA:66,2
DA:67,2
DA:68,2
DA:69,2
DA:70,2
DA:71,2
DA:72,2
DA:73,2
DA:74,2
DA:75,1
DA:76,1
DA:77,1
DA:78,1
DA:79,1
DA:80,1
DA:81,1
DA:82,1
DA:83,1
DA:84,1
DA:85,1
DA:86,1
DA:87,1
LF:87
LH:72
BRDA:12,0,0,1
BRDA:14,1,0,1
BRDA:17,2,0,10
BRDA:19,3,0,100
BRDA:27,4,0,0
BRDA:47,5,0,5
BRDA:50,6,0,50
BRDA:51,7,0,500
BRDA:52,8,0,38
BRDA:61,9,0,2
BRDA:63,10,0,0
BRDA:76,11,0,1
BRF:12
BRH:10
end_of_record
